[2025-11-23 20:58:04] [CUSTOM] [REGISTRO] Code para 12@gmail.com: 3CD957A7A4C2
[2025-11-23 20:59:59] [CUSTOM] [REGISTRO] Code para aguilar.131103jimena@gmail.com: 1F7170C499EA
[2025-11-23 21:33:15] [CUSTOM] [REGISTRO] Code para jorge@gmail.com: 9E0BD731FAD7
[2025-11-23 21:34:41] [CUSTOM] [REGISTRO] Code para jorge1ortega.484@gmail.com: 8A0E9D13EE48
[2025-11-23 22:25:13] [CUSTOM] [REGISTRO] Code para jorge2@gmail.com: 5E9B83355E37
[2025-11-23 23:34:14] [CUSTOM] [REGISTRO] Code para 12@gmail.com: C8ABB5CA5EB6
[2025-11-23 23:36:38] [CUSTOM] [REGISTRO] Code para 1@gmail.com: 700594FFDFAE
[2025-11-23 23:39:24] [CUSTOM] [REGISTRO] Code para aguilar.131103jimena@gmail.com: 909BB18445A1
[2025-11-24 00:02:50] [CUSTOM] [REGISTRO] Code para aguilar.131103jimena@gmail.com: E24B5777D07C
[2025-11-24 11:23:16] [CUSTOM] [REGISTRO] Code para 12@gmail.com: B06B19F18CF3
[2025-11-24 11:59:53] [CUSTOM] [REGISTRO] Code para 11@gmail.com: D4FD7321724B
[2025-11-24 13:11:29] [CUSTOM] [REGISTRO] Code para 12@gmail.com: 2074022A5BF4
[2025-11-24 13:21:39] [CUSTOM] [REGISTRO] Code para 11@gmail.es: 81C5CAC68428
[2025-11-24 14:09:47] [CUSTOM] [REGISTRO] Code para 11@gmail.com: DA98CF792F76
[2025-11-28 13:44:25] [CUSTOM] [REGISTRO] Code para 12@gmail.com: BAB8B496475B
[2025-11-28 13:44:40] [CUSTOM] [REGISTRO] Code para 11@gmail.com: 524797F7967C
[2025-11-28 16:42:54] [CUSTOM] [REGISTRO] Code para 12@gmail.com: 14CEA61D9920
[2025-11-28 16:45:11] [CUSTOM] [REGISTRO] Code para 11@gmail.com: 77EC73F38694
[2025-11-28 17:54:03] [CUSTOM] [REGISTRO] Code para 12@gmail.com: 362A9F764A22
[2025-11-28 17:54:46] [CUSTOM] [REGISTRO] Code para 11@gmail.com: DC578DEC6481
[2025-11-29 10:39:25] [CUSTOM] [REGISTRO] Code para 12@gmail.com: 841A8C2AAF8C
[2025-11-29 10:49:07] [CUSTOM] [REGISTRO] Code para 12@gmail.com: 64325F8661B4
[2025-11-29 11:19:04] [CUSTOM] [REGISTRO] Code para 12@gmail.com: 864CDE5470E5
[2025-11-29 11:25:31] [CUSTOM] [REGISTRO] Code para 11@gmail.com: A6628CBA2E4B
[2025-11-29 17:15:38] [CUSTOM] [REGISTRO] Code para 12@gmail.com: 1A7727FF9639
[2025-11-29 17:49:17] [CUSTOM] [REGISTRO] Code para 12@gmail.com: 4B699BC3748B
[2025-11-29 17:59:52] [CUSTOM] [REGISTRO] Code para 11@gmail.com: DCA57A0A5796
[2025-11-29 22:08:45] [CUSTOM] [REGISTRO] Code para 12@gmail.com: A5E94E26C2D4
[2025-11-29 22:21:08] [CUSTOM] [REGISTRO] Code para 11@gmail.com: 570AFA09EB8F
[2025-11-29 23:23:41] [CUSTOM] [REGISTRO] Code para 12@gmail.com: 74A60A48B40E
